<?xml version="1.0" encoding="UTF-8"?>
<testsuite name="rspec" tests="14" skipped="0" failures="1" errors="0" time="0.044459" timestamp="2020-05-28T09:59:20-05:00" hostname="MBP-MakingDevs.local">
<properties>
<property name="seed" value="30439"/>
</properties>
<testcase classname="spec.organism_spec" name="Organism For an organism with a capacity of 3x3 cells populates the organism with a group of 3x3 cells" file="./spec/organism_spec.rb" time="0.001625"></testcase>
<testcase classname="spec.organism_spec" name="Organism For an organism with a capacity of 3x3 cells retrieves the cell at the center and is alive" file="./spec/organism_spec.rb" time="0.001361"></testcase>
<testcase classname="spec.organism_spec" name="Organism For an organism with a capacity of 3x3 cells retrieves the first cell and is not alive" file="./spec/organism_spec.rb" time="0.000162"></testcase>
<testcase classname="spec.organism_spec" name="Organism For an organism with a capacity of 3x3 cells shows the entire organism" file="./spec/organism_spec.rb" time="0.000131"></testcase>
<testcase classname="spec.organism_spec" name="Organism For an organism with a capacity of 3x3 cells containing the cells --- -*- *-* and looking for the cell at 0,0 should have eight neighbors(5 with no life, and 3 alive)" file="./spec/organism_spec.rb" time="0.003646"></testcase>
<testcase classname="spec.organism_spec" name="Organism For an organism with a capacity of 3x3 cells containing the cells --- -*- *-* and looking for the cell at 0,2 should have eight neighbors(5 with no life, and 3 alive)" file="./spec/organism_spec.rb" time="0.000211"></testcase>
<testcase classname="spec.organism_spec" name="Organism For an organism with a capacity of 3x3 cells containing the cells --- -*- *-* and looking for the cell at 2,0 should have eight neighbors(6 with no life, and 2 alive)" file="./spec/organism_spec.rb" time="0.000135"></testcase>
<testcase classname="spec.organism_spec" name="Organism For an organism with a capacity of 3x3 cells containing the cells --- -*- *-* and looking for the cell at 2,2 should have eight neighbors(6 with no life, and 2 alive)" file="./spec/organism_spec.rb" time="0.000126"></testcase>
<testcase classname="spec.organism_spec" name="Organism For an organism with a capacity of 3x3 cells containing the cells --- -*- *-* and looking for the cell at 0,1 should have eight neighbors(5 with no life, and 3 alive)" file="./spec/organism_spec.rb" time="0.000099"></testcase>
<testcase classname="spec.organism_spec" name="Organism For a space that is &apos;populated&apos; Each cell with one or no neighbors dies, as if by solitude." file="./spec/organism_spec.rb" time="0.000268"></testcase>
<testcase classname="spec.organism_spec" name="Organism For a space that is &apos;populated&apos; Each cell with four or more neighbors dies, as if by overpopulation." file="./spec/organism_spec.rb" time="0.000160"></testcase>
<testcase classname="spec.organism_spec" name="Organism For a space that is &apos;populated&apos; Each cell with two or three neighbors survives." file="./spec/organism_spec.rb" time="0.030980"><failure message="
expected: 1
     got: 0

(compared using eql?)
" type="RSpec::Expectations::ExpectationNotMetError">Failure/Error: expect(organism.next_generation[1,1]).to eql 1

  expected: 1
       got: 0

  (compared using eql?)
./spec/organism_spec.rb:92:in `block (3 levels) in &lt;top (required)&gt;&apos;</failure></testcase>
<testcase classname="spec.organism_spec" name="Organism For a space that is &apos;empty&apos; or &apos;unpopulated&apos; Each cell with three neighbors becomes populated." file="./spec/organism_spec.rb" time="0.000317"></testcase>
<testcase classname="spec.organism_spec" name="Organism For an organism ready to evolve evolves the organism one generation" file="./spec/organism_spec.rb" time="0.000295"></testcase>
</testsuite>
